🚀 Starting Automated Demo...

📦 Step 1: Deploying Contracts...
INCLUDING DEPENDENCY Bridge
INCLUDING DEPENDENCY SuiSystem
INCLUDING DEPENDENCY Sui
INCLUDING DEPENDENCY MoveStdlib
BUILDING sui_amm
[Note]: Dependency sources are no longer verified automatically during publication and upgrade. You can pass the `--verify-deps` option if you would like to verify them as part of publication or upgrade.
INCLUDING DEPENDENCY Bridge
INCLUDING DEPENDENCY SuiSystem
INCLUDING DEPENDENCY Sui
INCLUDING DEPENDENCY MoveStdlib
BUILDING sui_amm
Skipping dependency verification
✅ Deployed! Package: 0xd2c3ec038d7634bea601fae9771bcd3433e2657912bfbe42b33bc6b987704745

💰 Step 2: Minting Test Coins...
[note] Dependencies on Bridge, MoveStdlib, Sui, and SuiSystem are automatically added, but this feature is disabled for your package because you have explicitly included dependencies on Sui. Consider removing these dependencies from Move.toml.
UPDATING GIT DEPENDENCY https://github.com/MystenLabs/sui.git
INCLUDING DEPENDENCY Sui
INCLUDING DEPENDENCY MoveStdlib
BUILDING test_coins
[0m[1m[38;5;11mwarning[W04037][0m[1m: deprecated usage[0m
  [0m[34m┌─[0m ./sources/usdt.move:7:42
  [0m[34m│[0m
[0m[34m7[0m [0m[34m│[0m         let (treasury, metadata) = coin::[0m[33mcreate_currency[0m(
  [0m[34m│[0m                                          [0m[33m^^^^^^^^^^^^^^^[0m [0m[33mThe function 'sui::coin::create_currency' is deprecated: Use `coin_registry::new_currency_with_otw` instead[0m
  [0m[34m│[0m
  [0m[34m=[0m This warning can be suppressed with '#[allow(deprecated_usage)]' applied to the 'module' or module member ('const', 'fun', or 'struct')

[0m[1m[38;5;11mwarning[W04037][0m[1m: deprecated usage[0m
  [0m[34m┌─[0m ./sources/usdc.move:7:42
  [0m[34m│[0m
[0m[34m7[0m [0m[34m│[0m         let (treasury, metadata) = coin::[0m[33mcreate_currency[0m(
  [0m[34m│[0m                                          [0m[33m^^^^^^^^^^^^^^^[0m [0m[33mThe function 'sui::coin::create_currency' is deprecated: Use `coin_registry::new_currency_with_otw` instead[0m
  [0m[34m│[0m
  [0m[34m=[0m This warning can be suppressed with '#[allow(deprecated_usage)]' applied to the 'module' or module member ('const', 'fun', or 'struct')

[Note]: Dependency sources are no longer verified automatically during publication and upgrade. You can pass the `--verify-deps` option if you would like to verify them as part of publication or upgrade.
[note] Dependencies on Bridge, MoveStdlib, Sui, and SuiSystem are automatically added, but this feature is disabled for your package because you have explicitly included dependencies on Sui. Consider removing these dependencies from Move.toml.
UPDATING GIT DEPENDENCY https://github.com/MystenLabs/sui.git
INCLUDING DEPENDENCY Sui
INCLUDING DEPENDENCY MoveStdlib
BUILDING test_coins
[0m[1m[38;5;11mwarning[W04037][0m[1m: deprecated usage[0m
  [0m[34m┌─[0m /home/sati/Desktop/sui_amm/demo/test_coins/sources/usdt.move:7:42
  [0m[34m│[0m
[0m[34m7[0m [0m[34m│[0m         let (treasury, metadata) = coin::[0m[33mcreate_currency[0m(
  [0m[34m│[0m                                          [0m[33m^^^^^^^^^^^^^^^[0m [0m[33mThe function 'sui::coin::create_currency' is deprecated: Use `coin_registry::new_currency_with_otw` instead[0m
  [0m[34m│[0m
  [0m[34m=[0m This warning can be suppressed with '#[allow(deprecated_usage)]' applied to the 'module' or module member ('const', 'fun', or 'struct')

[0m[1m[38;5;11mwarning[W04037][0m[1m: deprecated usage[0m
  [0m[34m┌─[0m /home/sati/Desktop/sui_amm/demo/test_coins/sources/usdc.move:7:42
  [0m[34m│[0m
[0m[34m7[0m [0m[34m│[0m         let (treasury, metadata) = coin::[0m[33mcreate_currency[0m(
  [0m[34m│[0m                                          [0m[33m^^^^^^^^^^^^^^^[0m [0m[33mThe function 'sui::coin::create_currency' is deprecated: Use `coin_registry::new_currency_with_otw` instead[0m
  [0m[34m│[0m
  [0m[34m=[0m This warning can be suppressed with '#[allow(deprecated_usage)]' applied to the 'module' or module member ('const', 'fun', or 'struct')

Skipping dependency verification
✅ Minted 1M USDC and 1M USDT

🏊 Step 3: Creating SUI-USDC Pool...
